<?xml version="1.0" encoding="UTF-8"?>
<testng-results ignored="0" total="13" passed="12" failed="1" skipped="0">
  <reporter-output>
  </reporter-output>
  <suite started-at="2022-09-14T06:20:17Z" name="Swag Labs automation Test Suite" finished-at="2022-09-14T06:22:08Z" duration-ms="111481">
    <groups>
    </groups>
    <test started-at="2022-09-14T06:20:17Z" name="Swag Labs Test Cases" finished-at="2022-09-14T06:22:08Z" duration-ms="111481">
      <class name="com.hybrid.testcases.ProductsPageTC">
        <test-method is-config="true" signature="setUp()[pri:0, instance:com.hybrid.testcases.ProductsPageTC@68c72235]" started-at="2022-09-14T06:20:33Z" name="setUp" finished-at="2022-09-14T06:20:38Z" duration-ms="5716" status="PASS">
          <reporter-output>
          </reporter-output>
        </test-method> <!-- setUp -->
        <test-method signature="validateBackpackNameTest()[pri:0, instance:com.hybrid.testcases.ProductsPageTC@68c72235]" started-at="2022-09-14T06:20:38Z" name="validateBackpackNameTest" finished-at="2022-09-14T06:20:39Z" duration-ms="511" status="PASS">
          <reporter-output>
          </reporter-output>
        </test-method> <!-- validateBackpackNameTest -->
        <test-method is-config="true" signature="tearDown()[pri:0, instance:com.hybrid.testcases.ProductsPageTC@68c72235]" started-at="2022-09-14T06:20:39Z" name="tearDown" finished-at="2022-09-14T06:20:39Z" duration-ms="516" status="PASS">
          <reporter-output>
          </reporter-output>
        </test-method> <!-- tearDown -->
        <test-method is-config="true" signature="setUp()[pri:0, instance:com.hybrid.testcases.ProductsPageTC@68c72235]" started-at="2022-09-14T06:20:39Z" name="setUp" finished-at="2022-09-14T06:20:44Z" duration-ms="4386" status="PASS">
          <reporter-output>
          </reporter-output>
        </test-method> <!-- setUp -->
        <test-method signature="verifyAddToCartBtnTest()[pri:0, instance:com.hybrid.testcases.ProductsPageTC@68c72235]" started-at="2022-09-14T06:20:44Z" name="verifyAddToCartBtnTest" finished-at="2022-09-14T06:20:44Z" duration-ms="217" status="PASS">
          <reporter-output>
          </reporter-output>
        </test-method> <!-- verifyAddToCartBtnTest -->
        <test-method is-config="true" signature="tearDown()[pri:0, instance:com.hybrid.testcases.ProductsPageTC@68c72235]" started-at="2022-09-14T06:20:44Z" name="tearDown" finished-at="2022-09-14T06:20:44Z" duration-ms="267" status="PASS">
          <reporter-output>
          </reporter-output>
        </test-method> <!-- tearDown -->
        <test-method is-config="true" signature="setUp()[pri:0, instance:com.hybrid.testcases.ProductsPageTC@68c72235]" started-at="2022-09-14T06:20:44Z" name="setUp" finished-at="2022-09-14T06:20:49Z" duration-ms="4737" status="PASS">
          <reporter-output>
          </reporter-output>
        </test-method> <!-- setUp -->
        <test-method signature="verifyBackpackNameTest()[pri:0, instance:com.hybrid.testcases.ProductsPageTC@68c72235]" started-at="2022-09-14T06:20:49Z" name="verifyBackpackNameTest" finished-at="2022-09-14T06:20:50Z" duration-ms="1003" status="PASS">
          <reporter-output>
          </reporter-output>
        </test-method> <!-- verifyBackpackNameTest -->
        <test-method is-config="true" signature="tearDown()[pri:0, instance:com.hybrid.testcases.ProductsPageTC@68c72235]" started-at="2022-09-14T06:20:50Z" name="tearDown" finished-at="2022-09-14T06:20:50Z" duration-ms="359" status="PASS">
          <reporter-output>
          </reporter-output>
        </test-method> <!-- tearDown -->
        <test-method is-config="true" signature="setUp()[pri:0, instance:com.hybrid.testcases.ProductsPageTC@68c72235]" started-at="2022-09-14T06:20:50Z" name="setUp" finished-at="2022-09-14T06:20:57Z" duration-ms="6399" status="PASS">
          <reporter-output>
          </reporter-output>
        </test-method> <!-- setUp -->
        <test-method signature="verifyCartBtnTest()[pri:0, instance:com.hybrid.testcases.ProductsPageTC@68c72235]" started-at="2022-09-14T06:20:57Z" name="verifyCartBtnTest" finished-at="2022-09-14T06:20:57Z" duration-ms="128" status="PASS">
          <reporter-output>
          </reporter-output>
        </test-method> <!-- verifyCartBtnTest -->
        <test-method is-config="true" signature="tearDown()[pri:0, instance:com.hybrid.testcases.ProductsPageTC@68c72235]" started-at="2022-09-14T06:20:57Z" name="tearDown" finished-at="2022-09-14T06:20:58Z" duration-ms="842" status="PASS">
          <reporter-output>
          </reporter-output>
        </test-method> <!-- tearDown -->
        <test-method is-config="true" signature="setUp()[pri:0, instance:com.hybrid.testcases.ProductsPageTC@68c72235]" started-at="2022-09-14T06:20:58Z" name="setUp" finished-at="2022-09-14T06:21:04Z" duration-ms="5882" status="PASS">
          <reporter-output>
          </reporter-output>
        </test-method> <!-- setUp -->
        <test-method signature="verifyProductsPageTitleTest()[pri:0, instance:com.hybrid.testcases.ProductsPageTC@68c72235]" started-at="2022-09-14T06:21:04Z" name="verifyProductsPageTitleTest" finished-at="2022-09-14T06:21:04Z" duration-ms="16" status="PASS">
          <reporter-output>
          </reporter-output>
        </test-method> <!-- verifyProductsPageTitleTest -->
        <test-method is-config="true" signature="tearDown()[pri:0, instance:com.hybrid.testcases.ProductsPageTC@68c72235]" started-at="2022-09-14T06:21:04Z" name="tearDown" finished-at="2022-09-14T06:21:05Z" duration-ms="1670" status="PASS">
          <reporter-output>
          </reporter-output>
        </test-method> <!-- tearDown -->
      </class> <!-- com.hybrid.testcases.ProductsPageTC -->
      <class name="com.hybrid.testcases.CheckoutOverviewPageTC">
        <test-method is-config="true" signature="setUp()[pri:0, instance:com.hybrid.testcases.CheckoutOverviewPageTC@34f7cfd9]" started-at="2022-09-14T06:21:32Z" name="setUp" finished-at="2022-09-14T06:21:37Z" duration-ms="4768" status="PASS">
          <reporter-output>
          </reporter-output>
        </test-method> <!-- setUp -->
        <test-method signature="verifyFinishBtnTest(java.lang.String, java.lang.String, java.lang.String)[pri:0, instance:com.hybrid.testcases.CheckoutOverviewPageTC@34f7cfd9]" started-at="2022-09-14T06:21:37Z" name="verifyFinishBtnTest" data-provider="getSwagTestData" finished-at="2022-09-14T06:21:39Z" duration-ms="2264" status="PASS">
          <params>
            <param index="0">
              <value>
                <![CDATA[Vivek]]>
              </value>
            </param>
            <param index="1">
              <value>
                <![CDATA[Sharma]]>
              </value>
            </param>
            <param index="2">
              <value>
                <![CDATA[127021.0]]>
              </value>
            </param>
          </params>
          <reporter-output>
          </reporter-output>
        </test-method> <!-- verifyFinishBtnTest -->
        <test-method is-config="true" signature="tearDown()[pri:0, instance:com.hybrid.testcases.CheckoutOverviewPageTC@34f7cfd9]" started-at="2022-09-14T06:21:39Z" name="tearDown" finished-at="2022-09-14T06:21:39Z" duration-ms="267" status="PASS">
          <reporter-output>
          </reporter-output>
        </test-method> <!-- tearDown -->
      </class> <!-- com.hybrid.testcases.CheckoutOverviewPageTC -->
      <class name="com.hybrid.testcases.YourCartPageTC">
        <test-method is-config="true" signature="setUp()[pri:0, instance:com.hybrid.testcases.YourCartPageTC@10959ece]" started-at="2022-09-14T06:21:05Z" name="setUp" finished-at="2022-09-14T06:21:12Z" duration-ms="6989" status="PASS">
          <reporter-output>
          </reporter-output>
        </test-method> <!-- setUp -->
        <test-method signature="verifyCheckoutBtnTest()[pri:0, instance:com.hybrid.testcases.YourCartPageTC@10959ece]" started-at="2022-09-14T06:21:12Z" name="verifyCheckoutBtnTest" finished-at="2022-09-14T06:21:13Z" duration-ms="353" status="PASS">
          <reporter-output>
          </reporter-output>
        </test-method> <!-- verifyCheckoutBtnTest -->
        <test-method is-config="true" signature="tearDown()[pri:0, instance:com.hybrid.testcases.YourCartPageTC@10959ece]" started-at="2022-09-14T06:21:13Z" name="tearDown" finished-at="2022-09-14T06:21:13Z" duration-ms="260" status="PASS">
          <reporter-output>
          </reporter-output>
        </test-method> <!-- tearDown -->
        <test-method is-config="true" signature="setUp()[pri:0, instance:com.hybrid.testcases.YourCartPageTC@10959ece]" started-at="2022-09-14T06:21:13Z" name="setUp" finished-at="2022-09-14T06:21:18Z" duration-ms="4825" status="PASS">
          <reporter-output>
          </reporter-output>
        </test-method> <!-- setUp -->
        <test-method signature="verifyYourCartPageTitleTest()[pri:0, instance:com.hybrid.testcases.YourCartPageTC@10959ece]" started-at="2022-09-14T06:21:18Z" name="verifyYourCartPageTitleTest" finished-at="2022-09-14T06:21:18Z" duration-ms="10" status="PASS">
          <reporter-output>
          </reporter-output>
        </test-method> <!-- verifyYourCartPageTitleTest -->
        <test-method is-config="true" signature="tearDown()[pri:0, instance:com.hybrid.testcases.YourCartPageTC@10959ece]" started-at="2022-09-14T06:21:18Z" name="tearDown" finished-at="2022-09-14T06:21:18Z" duration-ms="312" status="PASS">
          <reporter-output>
          </reporter-output>
        </test-method> <!-- tearDown -->
      </class> <!-- com.hybrid.testcases.YourCartPageTC -->
      <class name="com.hybrid.testcases.CheckoutCompletePageTC">
        <test-method is-config="true" signature="setUp()[pri:0, instance:com.hybrid.testcases.CheckoutCompletePageTC@65f095f8]" started-at="2022-09-14T06:21:39Z" name="setUp" finished-at="2022-09-14T06:21:44Z" duration-ms="4736" status="PASS">
          <reporter-output>
          </reporter-output>
        </test-method> <!-- setUp -->
        <test-method signature="verifyImageTest(java.lang.String, java.lang.String, java.lang.String)[pri:0, instance:com.hybrid.testcases.CheckoutCompletePageTC@65f095f8]" started-at="2022-09-14T06:21:44Z" name="verifyImageTest" data-provider="getSwagTestData" finished-at="2022-09-14T06:22:07Z" duration-ms="22524" status="FAIL">
          <params>
            <param index="0">
              <value>
                <![CDATA[Vivek]]>
              </value>
            </param>
            <param index="1">
              <value>
                <![CDATA[Sharma]]>
              </value>
            </param>
            <param index="2">
              <value>
                <![CDATA[127021.0]]>
              </value>
            </param>
          </params>
          <exception class="org.openqa.selenium.NoSuchElementException">
            <message>
              <![CDATA[no such element: Unable to locate element: {"method":"xpath","selector":"//img[@class='pony_express123']"}
  (Session info: chrome=105.0.5195.102)
For documentation on this error, please visit: https://selenium.dev/exceptions/#no_such_element
Build info: version: '4.4.0', revision: 'e5c75ed026a'
System info: host: 'DESKTOP-LKHC9K7', ip: '192.168.101.14', os.name: 'Windows 10', os.arch: 'amd64', os.version: '10.0', java.version: '11.0.16.1'
Driver info: org.openqa.selenium.chrome.ChromeDriver
Command: [a8acdab49475253e34c695be70f70874, findElement {using=xpath, value=//img[@class='pony_express123']}]
Capabilities {acceptInsecureCerts: false, browserName: chrome, browserVersion: 105.0.5195.102, chrome: {chromedriverVersion: 105.0.5195.52 (412c95e51883..., userDataDir: C:\WINDOWS\TEMP\scoped_dir9...}, goog:chromeOptions: {debuggerAddress: localhost:53067}, networkConnectionEnabled: false, pageLoadStrategy: normal, platformName: WINDOWS, proxy: Proxy(), se:cdp: ws://localhost:53067/devtoo..., se:cdpVersion: 105.0.5195.102, setWindowRect: true, strictFileInteractability: false, timeouts: {implicit: 0, pageLoad: 300000, script: 30000}, unhandledPromptBehavior: dismiss and notify, webauthn:extension:credBlob: true, webauthn:extension:largeBlob: true, webauthn:virtualAuthenticators: true}
Session ID: a8acdab49475253e34c695be70f70874]]>
            </message>
            <full-stacktrace>
              <![CDATA[org.openqa.selenium.NoSuchElementException: no such element: Unable to locate element: {"method":"xpath","selector":"//img[@class='pony_express123']"}
  (Session info: chrome=105.0.5195.102)
For documentation on this error, please visit: https://selenium.dev/exceptions/#no_such_element
Build info: version: '4.4.0', revision: 'e5c75ed026a'
System info: host: 'DESKTOP-LKHC9K7', ip: '192.168.101.14', os.name: 'Windows 10', os.arch: 'amd64', os.version: '10.0', java.version: '11.0.16.1'
Driver info: org.openqa.selenium.chrome.ChromeDriver
Command: [a8acdab49475253e34c695be70f70874, findElement {using=xpath, value=//img[@class='pony_express123']}]
Capabilities {acceptInsecureCerts: false, browserName: chrome, browserVersion: 105.0.5195.102, chrome: {chromedriverVersion: 105.0.5195.52 (412c95e51883..., userDataDir: C:\WINDOWS\TEMP\scoped_dir9...}, goog:chromeOptions: {debuggerAddress: localhost:53067}, networkConnectionEnabled: false, pageLoadStrategy: normal, platformName: WINDOWS, proxy: Proxy(), se:cdp: ws://localhost:53067/devtoo..., se:cdpVersion: 105.0.5195.102, setWindowRect: true, strictFileInteractability: false, timeouts: {implicit: 0, pageLoad: 300000, script: 30000}, unhandledPromptBehavior: dismiss and notify, webauthn:extension:credBlob: true, webauthn:extension:largeBlob: true, webauthn:virtualAuthenticators: true}
Session ID: a8acdab49475253e34c695be70f70874
at java.base/jdk.internal.reflect.NativeConstructorAccessorImpl.newInstance0(Native Method)
at java.base/jdk.internal.reflect.NativeConstructorAccessorImpl.newInstance(NativeConstructorAccessorImpl.java:62)
at java.base/jdk.internal.reflect.DelegatingConstructorAccessorImpl.newInstance(DelegatingConstructorAccessorImpl.java:45)
at java.base/java.lang.reflect.Constructor.newInstance(Constructor.java:490)
at org.openqa.selenium.remote.codec.w3c.W3CHttpResponseCodec.createException(W3CHttpResponseCodec.java:200)
at org.openqa.selenium.remote.codec.w3c.W3CHttpResponseCodec.decode(W3CHttpResponseCodec.java:133)
at org.openqa.selenium.remote.codec.w3c.W3CHttpResponseCodec.decode(W3CHttpResponseCodec.java:53)
at org.openqa.selenium.remote.HttpCommandExecutor.execute(HttpCommandExecutor.java:184)
at org.openqa.selenium.remote.service.DriverCommandExecutor.invokeExecute(DriverCommandExecutor.java:167)
at org.openqa.selenium.remote.service.DriverCommandExecutor.execute(DriverCommandExecutor.java:142)
at org.openqa.selenium.remote.RemoteWebDriver.execute(RemoteWebDriver.java:547)
at org.openqa.selenium.remote.ElementLocation$ElementFinder$2.findElement(ElementLocation.java:162)
at org.openqa.selenium.remote.ElementLocation.findElement(ElementLocation.java:60)
at org.openqa.selenium.remote.RemoteWebDriver.findElement(RemoteWebDriver.java:365)
at org.openqa.selenium.remote.RemoteWebDriver.findElement(RemoteWebDriver.java:357)
at jdk.internal.reflect.GeneratedMethodAccessor4.invoke(Unknown Source)
at java.base/jdk.internal.reflect.DelegatingMethodAccessorImpl.invoke(DelegatingMethodAccessorImpl.java:43)
at java.base/java.lang.reflect.Method.invoke(Method.java:566)
at org.openqa.selenium.support.events.EventFiringWebDriver.lambda$new$1(EventFiringWebDriver.java:105)
at com.sun.proxy.$Proxy12.findElement(Unknown Source)
at org.openqa.selenium.support.events.EventFiringWebDriver.findElement(EventFiringWebDriver.java:194)
at org.openqa.selenium.support.pagefactory.DefaultElementLocator.findElement(DefaultElementLocator.java:70)
at org.openqa.selenium.support.pagefactory.internal.LocatingElementHandler.invoke(LocatingElementHandler.java:39)
at com.sun.proxy.$Proxy16.isDisplayed(Unknown Source)
at com.hybrid.pages.CheckoutCompletePage.validatePonyExpressImage(CheckoutCompletePage.java:20)
at com.hybrid.testcases.CheckoutCompletePageTC.verifyImageTest(CheckoutCompletePageTC.java:63)
at java.base/jdk.internal.reflect.NativeMethodAccessorImpl.invoke0(Native Method)
at java.base/jdk.internal.reflect.NativeMethodAccessorImpl.invoke(NativeMethodAccessorImpl.java:62)
at java.base/jdk.internal.reflect.DelegatingMethodAccessorImpl.invoke(DelegatingMethodAccessorImpl.java:43)
at java.base/java.lang.reflect.Method.invoke(Method.java:566)
at org.testng.internal.MethodInvocationHelper.invokeMethod(MethodInvocationHelper.java:124)
at org.testng.internal.Invoker.invokeMethod(Invoker.java:583)
at org.testng.internal.Invoker.invokeTestMethod(Invoker.java:719)
at org.testng.internal.Invoker.invokeTestMethods(Invoker.java:989)
at org.testng.internal.TestMethodWorker.invokeTestMethods(TestMethodWorker.java:125)
at org.testng.internal.TestMethodWorker.run(TestMethodWorker.java:109)
at org.testng.TestRunner.privateRun(TestRunner.java:648)
at org.testng.TestRunner.run(TestRunner.java:505)
at org.testng.SuiteRunner.runTest(SuiteRunner.java:455)
at org.testng.SuiteRunner.runSequentially(SuiteRunner.java:450)
at org.testng.SuiteRunner.privateRun(SuiteRunner.java:415)
at org.testng.SuiteRunner.run(SuiteRunner.java:364)
at org.testng.SuiteRunnerWorker.runSuite(SuiteRunnerWorker.java:52)
at org.testng.SuiteRunnerWorker.run(SuiteRunnerWorker.java:84)
at org.testng.TestNG.runSuitesSequentially(TestNG.java:1208)
at org.testng.TestNG.runSuitesLocally(TestNG.java:1137)
at org.testng.TestNG.runSuites(TestNG.java:1049)
at org.testng.TestNG.run(TestNG.java:1017)
at org.apache.maven.surefire.testng.TestNGExecutor.run(TestNGExecutor.java:324)
at org.apache.maven.surefire.testng.TestNGXmlTestSuite.execute(TestNGXmlTestSuite.java:74)
at org.apache.maven.surefire.testng.TestNGProvider.invoke(TestNGProvider.java:123)
at org.apache.maven.surefire.booter.ForkedBooter.runSuitesInProcess(ForkedBooter.java:456)
at org.apache.maven.surefire.booter.ForkedBooter.execute(ForkedBooter.java:169)
at org.apache.maven.surefire.booter.ForkedBooter.run(ForkedBooter.java:595)
at org.apache.maven.surefire.booter.ForkedBooter.main(ForkedBooter.java:581)
]]>
            </full-stacktrace>
          </exception> <!-- org.openqa.selenium.NoSuchElementException -->
          <reporter-output>
          </reporter-output>
        </test-method> <!-- verifyImageTest -->
        <test-method is-config="true" signature="tearDown()[pri:0, instance:com.hybrid.testcases.CheckoutCompletePageTC@65f095f8]" started-at="2022-09-14T06:22:07Z" name="tearDown" finished-at="2022-09-14T06:22:08Z" duration-ms="1721" status="PASS">
          <reporter-output>
          </reporter-output>
        </test-method> <!-- tearDown -->
      </class> <!-- com.hybrid.testcases.CheckoutCompletePageTC -->
      <class name="com.hybrid.testcases.LoginPageTC">
        <test-method is-config="true" signature="setUp()[pri:0, instance:com.hybrid.testcases.LoginPageTC@6b8ca3c8]" started-at="2022-09-14T06:20:17Z" name="setUp" finished-at="2022-09-14T06:20:26Z" duration-ms="9414" status="PASS">
          <reporter-output>
          </reporter-output>
        </test-method> <!-- setUp -->
        <test-method signature="loginTest()[pri:0, instance:com.hybrid.testcases.LoginPageTC@6b8ca3c8]" started-at="2022-09-14T06:20:26Z" name="loginTest" finished-at="2022-09-14T06:20:28Z" duration-ms="1073" status="PASS">
          <reporter-output>
          </reporter-output>
        </test-method> <!-- loginTest -->
        <test-method is-config="true" signature="tearDown()[pri:0, instance:com.hybrid.testcases.LoginPageTC@6b8ca3c8]" started-at="2022-09-14T06:20:28Z" name="tearDown" finished-at="2022-09-14T06:20:28Z" duration-ms="499" status="PASS">
          <reporter-output>
          </reporter-output>
        </test-method> <!-- tearDown -->
        <test-method is-config="true" signature="setUp()[pri:0, instance:com.hybrid.testcases.LoginPageTC@6b8ca3c8]" started-at="2022-09-14T06:20:28Z" name="setUp" finished-at="2022-09-14T06:20:32Z" duration-ms="4102" status="PASS">
          <reporter-output>
          </reporter-output>
        </test-method> <!-- setUp -->
        <test-method signature="verifyLoginPageTitleTest()[pri:0, instance:com.hybrid.testcases.LoginPageTC@6b8ca3c8]" started-at="2022-09-14T06:20:32Z" name="verifyLoginPageTitleTest" finished-at="2022-09-14T06:20:32Z" duration-ms="17" status="PASS">
          <reporter-output>
          </reporter-output>
        </test-method> <!-- verifyLoginPageTitleTest -->
        <test-method is-config="true" signature="tearDown()[pri:0, instance:com.hybrid.testcases.LoginPageTC@6b8ca3c8]" started-at="2022-09-14T06:20:32Z" name="tearDown" finished-at="2022-09-14T06:20:33Z" duration-ms="430" status="PASS">
          <reporter-output>
          </reporter-output>
        </test-method> <!-- tearDown -->
      </class> <!-- com.hybrid.testcases.LoginPageTC -->
      <class name="com.hybrid.testcases.CheckoutPageTC">
        <test-method is-config="true" signature="setUp()[pri:0, instance:com.hybrid.testcases.CheckoutPageTC@3a6bb9bf]" started-at="2022-09-14T06:21:18Z" name="setUp" finished-at="2022-09-14T06:21:22Z" duration-ms="4357" status="PASS">
          <reporter-output>
          </reporter-output>
        </test-method> <!-- setUp -->
        <test-method signature="verifyCheckoutPageTitleTest()[pri:0, instance:com.hybrid.testcases.CheckoutPageTC@3a6bb9bf]" started-at="2022-09-14T06:21:22Z" name="verifyCheckoutPageTitleTest" finished-at="2022-09-14T06:21:22Z" duration-ms="8" status="PASS">
          <reporter-output>
          </reporter-output>
        </test-method> <!-- verifyCheckoutPageTitleTest -->
        <test-method is-config="true" signature="tearDown()[pri:0, instance:com.hybrid.testcases.CheckoutPageTC@3a6bb9bf]" started-at="2022-09-14T06:21:22Z" name="tearDown" finished-at="2022-09-14T06:21:23Z" duration-ms="203" status="PASS">
          <reporter-output>
          </reporter-output>
        </test-method> <!-- tearDown -->
        <test-method is-config="true" signature="setUp()[pri:0, instance:com.hybrid.testcases.CheckoutPageTC@3a6bb9bf]" started-at="2022-09-14T06:21:24Z" name="setUp" finished-at="2022-09-14T06:21:29Z" duration-ms="4561" status="PASS">
          <reporter-output>
          </reporter-output>
        </test-method> <!-- setUp -->
        <test-method signature="verifyContinueBtnTest(java.lang.String, java.lang.String, java.lang.String)[pri:0, instance:com.hybrid.testcases.CheckoutPageTC@3a6bb9bf]" started-at="2022-09-14T06:21:29Z" name="verifyContinueBtnTest" data-provider="getSwagTestData" finished-at="2022-09-14T06:21:32Z" duration-ms="2833" status="PASS">
          <params>
            <param index="0">
              <value>
                <![CDATA[Vivek]]>
              </value>
            </param>
            <param index="1">
              <value>
                <![CDATA[Sharma]]>
              </value>
            </param>
            <param index="2">
              <value>
                <![CDATA[127021.0]]>
              </value>
            </param>
          </params>
          <reporter-output>
          </reporter-output>
        </test-method> <!-- verifyContinueBtnTest -->
        <test-method is-config="true" signature="tearDown()[pri:0, instance:com.hybrid.testcases.CheckoutPageTC@3a6bb9bf]" started-at="2022-09-14T06:21:32Z" name="tearDown" finished-at="2022-09-14T06:21:32Z" duration-ms="331" status="PASS">
          <reporter-output>
          </reporter-output>
        </test-method> <!-- tearDown -->
      </class> <!-- com.hybrid.testcases.CheckoutPageTC -->
    </test> <!-- Swag Labs Test Cases -->
  </suite> <!-- Swag Labs automation Test Suite -->
</testng-results>
