<?xml version="1.0" encoding="UTF-8"?>
<testsuite xmlns:xsi="http://www.w3.org/2001/XMLSchema-instance" xsi:noNamespaceSchemaLocation="https://maven.apache.org/surefire/maven-surefire-plugin/xsd/surefire-test-report-3.0.xsd" version="3.0" name="TestSuite" time="114.3" tests="13" errors="0" skipped="0" failures="1">
  <properties>
[...]
</properties>
  <testcase name="loginTest" classname="com.hybrid.testcases.LoginPageTC" time="1.06">
    <system-out><![CDATA[...
... TestNG 6.14.3 by Cédric Beust (cedric@beust.com)
...

Before navigating to: 'https://www.saucedemo.com/'
Navigated to:'https://www.saucedemo.com/'
Trying to find Element By : By.name: user-name
Found Element By : By.name: user-name
Trying to find Element By : By.name: password
Found Element By : By.name: password
Trying to find Element By : By.name: login-button
Found Element By : By.name: login-button
Trying to click on: [[ChromeDriver: chrome on WINDOWS (f2e35de86e017c8d0f85e089602b0123)] -> name: login-button]
Clicked on: [[ChromeDriver: chrome on WINDOWS (f2e35de86e017c8d0f85e089602b0123)] -> name: login-button]
]]></system-out>
    <system-err><![CDATA[SLF4J: Failed to load class "org.slf4j.impl.StaticLoggerBinder".
SLF4J: Defaulting to no-operation (NOP) logger implementation
SLF4J: See http://www.slf4j.org/codes.html#StaticLoggerBinder for further details.
ERROR StatusLogger Log4j2 could not find a logging implementation. Please add log4j-core to the classpath. Using SimpleLogger to log to the console...
Starting ChromeDriver 105.0.5195.52 (412c95e518836d8a7d97250d62b29c2ae6a26a85-refs/branch-heads/5195@{#853}) on port 56997
Only local connections are allowed.
Please see https://chromedriver.chromium.org/security-considerations for suggestions on keeping ChromeDriver safe.
ChromeDriver was started successfully.
Sep 14, 2022 11:50:25 AM org.openqa.selenium.remote.ProtocolHandshake createSession
INFO: Detected upstream dialect: W3C
Sep 14, 2022 11:50:25 AM org.openqa.selenium.devtools.CdpVersionFinder findNearestMatch
WARNING: Unable to find an exact match for CDP version 105, so returning the closest version found: 104
Sep 14, 2022 11:50:25 AM org.openqa.selenium.devtools.CdpVersionFinder findNearestMatch
INFO: Found CDP implementation for version 105 of 104
]]></system-err>
  </testcase>
  <testcase name="verifyLoginPageTitleTest" classname="com.hybrid.testcases.LoginPageTC" time="0.018">
    <system-out><![CDATA[Before navigating to: 'https://www.saucedemo.com/'
Navigated to:'https://www.saucedemo.com/'
]]></system-out>
    <system-err><![CDATA[Starting ChromeDriver 105.0.5195.52 (412c95e518836d8a7d97250d62b29c2ae6a26a85-refs/branch-heads/5195@{#853}) on port 56279
Only local connections are allowed.
Please see https://chromedriver.chromium.org/security-considerations for suggestions on keeping ChromeDriver safe.
ChromeDriver was started successfully.
Sep 14, 2022 11:50:30 AM org.openqa.selenium.remote.ProtocolHandshake createSession
INFO: Detected upstream dialect: W3C
Sep 14, 2022 11:50:30 AM org.openqa.selenium.devtools.CdpVersionFinder findNearestMatch
WARNING: Unable to find an exact match for CDP version 105, so returning the closest version found: 104
Sep 14, 2022 11:50:30 AM org.openqa.selenium.devtools.CdpVersionFinder findNearestMatch
INFO: Found CDP implementation for version 105 of 104
]]></system-err>
  </testcase>
  <testcase name="validateBackpackNameTest" classname="com.hybrid.testcases.ProductsPageTC" time="0.51">
    <system-out><![CDATA[Before navigating to: 'https://www.saucedemo.com/'
Navigated to:'https://www.saucedemo.com/'
Trying to find Element By : By.name: user-name
Found Element By : By.name: user-name
Trying to find Element By : By.name: password
Found Element By : By.name: password
Trying to find Element By : By.name: login-button
Found Element By : By.name: login-button
Trying to click on: [[ChromeDriver: chrome on WINDOWS (8b97810ab389b93babe87d379c88a265)] -> name: login-button]
Clicked on: [[ChromeDriver: chrome on WINDOWS (8b97810ab389b93babe87d379c88a265)] -> name: login-button]
Trying to find Element By : By.xpath: //div[contains(text(), 'Sauce Labs Backpack')]
Found Element By : By.xpath: //div[contains(text(), 'Sauce Labs Backpack')]
Sauce Labs Backpack
]]></system-out>
    <system-err><![CDATA[Starting ChromeDriver 105.0.5195.52 (412c95e518836d8a7d97250d62b29c2ae6a26a85-refs/branch-heads/5195@{#853}) on port 59555
Only local connections are allowed.
Please see https://chromedriver.chromium.org/security-considerations for suggestions on keeping ChromeDriver safe.
ChromeDriver was started successfully.
Sep 14, 2022 11:50:34 AM org.openqa.selenium.remote.ProtocolHandshake createSession
INFO: Detected upstream dialect: W3C
Sep 14, 2022 11:50:34 AM org.openqa.selenium.devtools.CdpVersionFinder findNearestMatch
WARNING: Unable to find an exact match for CDP version 105, so returning the closest version found: 104
Sep 14, 2022 11:50:34 AM org.openqa.selenium.devtools.CdpVersionFinder findNearestMatch
INFO: Found CDP implementation for version 105 of 104
]]></system-err>
  </testcase>
  <testcase name="verifyAddToCartBtnTest" classname="com.hybrid.testcases.ProductsPageTC" time="0.209">
    <system-out><![CDATA[Before navigating to: 'https://www.saucedemo.com/'
Navigated to:'https://www.saucedemo.com/'
Trying to find Element By : By.name: user-name
Found Element By : By.name: user-name
Trying to find Element By : By.name: password
Found Element By : By.name: password
Trying to find Element By : By.name: login-button
Found Element By : By.name: login-button
Trying to click on: [[ChromeDriver: chrome on WINDOWS (080a6788909ef0b1d61e75d632e00c88)] -> name: login-button]
Clicked on: [[ChromeDriver: chrome on WINDOWS (080a6788909ef0b1d61e75d632e00c88)] -> name: login-button]
Trying to find Element By : By.xpath: //button[@name='add-to-cart-sauce-labs-backpack']
Found Element By : By.xpath: //button[@name='add-to-cart-sauce-labs-backpack']
Trying to click on: [[ChromeDriver: chrome on WINDOWS (080a6788909ef0b1d61e75d632e00c88)] -> xpath: //button[@name='add-to-cart-sauce-labs-backpack']]
Clicked on: [[ChromeDriver: chrome on WINDOWS (080a6788909ef0b1d61e75d632e00c88)] -> xpath: //button[@name='add-to-cart-sauce-labs-backpack']]
]]></system-out>
    <system-err><![CDATA[Starting ChromeDriver 105.0.5195.52 (412c95e518836d8a7d97250d62b29c2ae6a26a85-refs/branch-heads/5195@{#853}) on port 53670
Only local connections are allowed.
Please see https://chromedriver.chromium.org/security-considerations for suggestions on keeping ChromeDriver safe.
ChromeDriver was started successfully.
Sep 14, 2022 11:50:41 AM org.openqa.selenium.remote.ProtocolHandshake createSession
INFO: Detected upstream dialect: W3C
Sep 14, 2022 11:50:41 AM org.openqa.selenium.devtools.CdpVersionFinder findNearestMatch
WARNING: Unable to find an exact match for CDP version 105, so returning the closest version found: 104
Sep 14, 2022 11:50:41 AM org.openqa.selenium.devtools.CdpVersionFinder findNearestMatch
INFO: Found CDP implementation for version 105 of 104
]]></system-err>
  </testcase>
  <testcase name="verifyBackpackNameTest" classname="com.hybrid.testcases.ProductsPageTC" time="1.003">
    <system-out><![CDATA[Before navigating to: 'https://www.saucedemo.com/'
Navigated to:'https://www.saucedemo.com/'
Trying to find Element By : By.name: user-name
Found Element By : By.name: user-name
Trying to find Element By : By.name: password
Found Element By : By.name: password
Trying to find Element By : By.name: login-button
Found Element By : By.name: login-button
Trying to click on: [[ChromeDriver: chrome on WINDOWS (43c50527878500f8b6ca056f60732ada)] -> name: login-button]
Clicked on: [[ChromeDriver: chrome on WINDOWS (43c50527878500f8b6ca056f60732ada)] -> name: login-button]
Trying to find Element By : By.xpath: //div[contains(text(), 'Sauce Labs Backpack')]
Found Element By : By.xpath: //div[contains(text(), 'Sauce Labs Backpack')]
]]></system-out>
    <system-err><![CDATA[Starting ChromeDriver 105.0.5195.52 (412c95e518836d8a7d97250d62b29c2ae6a26a85-refs/branch-heads/5195@{#853}) on port 54805
Only local connections are allowed.
Please see https://chromedriver.chromium.org/security-considerations for suggestions on keeping ChromeDriver safe.
ChromeDriver was started successfully.
Sep 14, 2022 11:50:46 AM org.openqa.selenium.remote.ProtocolHandshake createSession
INFO: Detected upstream dialect: W3C
Sep 14, 2022 11:50:46 AM org.openqa.selenium.devtools.CdpVersionFinder findNearestMatch
WARNING: Unable to find an exact match for CDP version 105, so returning the closest version found: 104
Sep 14, 2022 11:50:46 AM org.openqa.selenium.devtools.CdpVersionFinder findNearestMatch
INFO: Found CDP implementation for version 105 of 104
]]></system-err>
  </testcase>
  <testcase name="verifyCartBtnTest" classname="com.hybrid.testcases.ProductsPageTC" time="0.12">
    <system-out><![CDATA[Before navigating to: 'https://www.saucedemo.com/'
Navigated to:'https://www.saucedemo.com/'
Trying to find Element By : By.name: user-name
Found Element By : By.name: user-name
Trying to find Element By : By.name: password
Found Element By : By.name: password
Trying to find Element By : By.name: login-button
Found Element By : By.name: login-button
Trying to click on: [[ChromeDriver: chrome on WINDOWS (8ab43742f16c5b9aedace6c1709a03fc)] -> name: login-button]
Clicked on: [[ChromeDriver: chrome on WINDOWS (8ab43742f16c5b9aedace6c1709a03fc)] -> name: login-button]
Trying to find Element By : By.xpath: //a[@class='shopping_cart_link']
Found Element By : By.xpath: //a[@class='shopping_cart_link']
Trying to click on: [[ChromeDriver: chrome on WINDOWS (8ab43742f16c5b9aedace6c1709a03fc)] -> xpath: //a[@class='shopping_cart_link']]
Clicked on: [[ChromeDriver: chrome on WINDOWS (8ab43742f16c5b9aedace6c1709a03fc)] -> xpath: //a[@class='shopping_cart_link']]
]]></system-out>
    <system-err><![CDATA[Starting ChromeDriver 105.0.5195.52 (412c95e518836d8a7d97250d62b29c2ae6a26a85-refs/branch-heads/5195@{#853}) on port 55271
Only local connections are allowed.
Please see https://chromedriver.chromium.org/security-considerations for suggestions on keeping ChromeDriver safe.
ChromeDriver was started successfully.
Sep 14, 2022 11:50:52 AM org.openqa.selenium.remote.ProtocolHandshake createSession
INFO: Detected upstream dialect: W3C
Sep 14, 2022 11:50:52 AM org.openqa.selenium.devtools.CdpVersionFinder findNearestMatch
WARNING: Unable to find an exact match for CDP version 105, so returning the closest version found: 104
Sep 14, 2022 11:50:52 AM org.openqa.selenium.devtools.CdpVersionFinder findNearestMatch
INFO: Found CDP implementation for version 105 of 104
]]></system-err>
  </testcase>
  <testcase name="verifyProductsPageTitleTest" classname="com.hybrid.testcases.ProductsPageTC" time="0.015">
    <system-out><![CDATA[Before navigating to: 'https://www.saucedemo.com/'
Navigated to:'https://www.saucedemo.com/'
Trying to find Element By : By.name: user-name
Found Element By : By.name: user-name
Trying to find Element By : By.name: password
Found Element By : By.name: password
Trying to find Element By : By.name: login-button
Found Element By : By.name: login-button
Trying to click on: [[ChromeDriver: chrome on WINDOWS (31898c9b953a5f4f3ceb207fb81e95a4)] -> name: login-button]
Clicked on: [[ChromeDriver: chrome on WINDOWS (31898c9b953a5f4f3ceb207fb81e95a4)] -> name: login-button]
]]></system-out>
    <system-err><![CDATA[Starting ChromeDriver 105.0.5195.52 (412c95e518836d8a7d97250d62b29c2ae6a26a85-refs/branch-heads/5195@{#853}) on port 52547
Only local connections are allowed.
Please see https://chromedriver.chromium.org/security-considerations for suggestions on keeping ChromeDriver safe.
ChromeDriver was started successfully.
Sep 14, 2022 11:50:59 AM org.openqa.selenium.remote.ProtocolHandshake createSession
INFO: Detected upstream dialect: W3C
Sep 14, 2022 11:50:59 AM org.openqa.selenium.devtools.CdpVersionFinder findNearestMatch
WARNING: Unable to find an exact match for CDP version 105, so returning the closest version found: 104
Sep 14, 2022 11:50:59 AM org.openqa.selenium.devtools.CdpVersionFinder findNearestMatch
INFO: Found CDP implementation for version 105 of 104
]]></system-err>
  </testcase>
  <testcase name="verifyCheckoutBtnTest" classname="com.hybrid.testcases.YourCartPageTC" time="0.353">
    <system-out><![CDATA[Before navigating to: 'https://www.saucedemo.com/'
Navigated to:'https://www.saucedemo.com/'
Trying to find Element By : By.name: user-name
Found Element By : By.name: user-name
Trying to find Element By : By.name: password
Found Element By : By.name: password
Trying to find Element By : By.name: login-button
Found Element By : By.name: login-button
Trying to click on: [[ChromeDriver: chrome on WINDOWS (16e19286ac8557cd5a992e3ff824d4e3)] -> name: login-button]
Clicked on: [[ChromeDriver: chrome on WINDOWS (16e19286ac8557cd5a992e3ff824d4e3)] -> name: login-button]
Trying to find Element By : By.xpath: //button[@name='add-to-cart-sauce-labs-backpack']
Found Element By : By.xpath: //button[@name='add-to-cart-sauce-labs-backpack']
Trying to click on: [[ChromeDriver: chrome on WINDOWS (16e19286ac8557cd5a992e3ff824d4e3)] -> xpath: //button[@name='add-to-cart-sauce-labs-backpack']]
Clicked on: [[ChromeDriver: chrome on WINDOWS (16e19286ac8557cd5a992e3ff824d4e3)] -> xpath: //button[@name='add-to-cart-sauce-labs-backpack']]
Trying to find Element By : By.xpath: //a[@class='shopping_cart_link']
Found Element By : By.xpath: //a[@class='shopping_cart_link']
Trying to click on: [[ChromeDriver: chrome on WINDOWS (16e19286ac8557cd5a992e3ff824d4e3)] -> xpath: //a[@class='shopping_cart_link']]
Clicked on: [[ChromeDriver: chrome on WINDOWS (16e19286ac8557cd5a992e3ff824d4e3)] -> xpath: //a[@class='shopping_cart_link']]
Trying to find Element By : By.xpath: //button[@name='checkout']
Found Element By : By.xpath: //button[@name='checkout']
Trying to click on: [[ChromeDriver: chrome on WINDOWS (16e19286ac8557cd5a992e3ff824d4e3)] -> xpath: //button[@name='checkout']]
Clicked on: [[ChromeDriver: chrome on WINDOWS (16e19286ac8557cd5a992e3ff824d4e3)] -> xpath: //button[@name='checkout']]
]]></system-out>
    <system-err><![CDATA[Starting ChromeDriver 105.0.5195.52 (412c95e518836d8a7d97250d62b29c2ae6a26a85-refs/branch-heads/5195@{#853}) on port 65047
Only local connections are allowed.
Please see https://chromedriver.chromium.org/security-considerations for suggestions on keeping ChromeDriver safe.
ChromeDriver was started successfully.
Sep 14, 2022 11:51:08 AM org.openqa.selenium.remote.ProtocolHandshake createSession
INFO: Detected upstream dialect: W3C
Sep 14, 2022 11:51:08 AM org.openqa.selenium.devtools.CdpVersionFinder findNearestMatch
WARNING: Unable to find an exact match for CDP version 105, so returning the closest version found: 104
Sep 14, 2022 11:51:08 AM org.openqa.selenium.devtools.CdpVersionFinder findNearestMatch
INFO: Found CDP implementation for version 105 of 104
]]></system-err>
  </testcase>
  <testcase name="verifyYourCartPageTitleTest" classname="com.hybrid.testcases.YourCartPageTC" time="0.01">
    <system-out><![CDATA[Before navigating to: 'https://www.saucedemo.com/'
Navigated to:'https://www.saucedemo.com/'
Trying to find Element By : By.name: user-name
Found Element By : By.name: user-name
Trying to find Element By : By.name: password
Found Element By : By.name: password
Trying to find Element By : By.name: login-button
Found Element By : By.name: login-button
Trying to click on: [[ChromeDriver: chrome on WINDOWS (3ee151bfa741a9516cef2ed72445db93)] -> name: login-button]
Clicked on: [[ChromeDriver: chrome on WINDOWS (3ee151bfa741a9516cef2ed72445db93)] -> name: login-button]
]]></system-out>
    <system-err><![CDATA[Starting ChromeDriver 105.0.5195.52 (412c95e518836d8a7d97250d62b29c2ae6a26a85-refs/branch-heads/5195@{#853}) on port 55275
Only local connections are allowed.
Please see https://chromedriver.chromium.org/security-considerations for suggestions on keeping ChromeDriver safe.
ChromeDriver was started successfully.
Sep 14, 2022 11:51:14 AM org.openqa.selenium.remote.ProtocolHandshake createSession
INFO: Detected upstream dialect: W3C
Sep 14, 2022 11:51:14 AM org.openqa.selenium.devtools.CdpVersionFinder findNearestMatch
WARNING: Unable to find an exact match for CDP version 105, so returning the closest version found: 104
Sep 14, 2022 11:51:14 AM org.openqa.selenium.devtools.CdpVersionFinder findNearestMatch
INFO: Found CDP implementation for version 105 of 104
]]></system-err>
  </testcase>
  <testcase name="verifyCheckoutPageTitleTest" classname="com.hybrid.testcases.CheckoutPageTC" time="0.008">
    <system-out><![CDATA[Before navigating to: 'https://www.saucedemo.com/'
Navigated to:'https://www.saucedemo.com/'
Trying to find Element By : By.name: user-name
Found Element By : By.name: user-name
Trying to find Element By : By.name: password
Found Element By : By.name: password
Trying to find Element By : By.name: login-button
Found Element By : By.name: login-button
Trying to click on: [[ChromeDriver: chrome on WINDOWS (02408c58604b7fcc6116ece193cb0338)] -> name: login-button]
Clicked on: [[ChromeDriver: chrome on WINDOWS (02408c58604b7fcc6116ece193cb0338)] -> name: login-button]
]]></system-out>
    <system-err><![CDATA[Starting ChromeDriver 105.0.5195.52 (412c95e518836d8a7d97250d62b29c2ae6a26a85-refs/branch-heads/5195@{#853}) on port 62455
Only local connections are allowed.
Please see https://chromedriver.chromium.org/security-considerations for suggestions on keeping ChromeDriver safe.
ChromeDriver was started successfully.
Sep 14, 2022 11:51:19 AM org.openqa.selenium.remote.ProtocolHandshake createSession
INFO: Detected upstream dialect: W3C
Sep 14, 2022 11:51:19 AM org.openqa.selenium.devtools.CdpVersionFinder findNearestMatch
WARNING: Unable to find an exact match for CDP version 105, so returning the closest version found: 104
Sep 14, 2022 11:51:19 AM org.openqa.selenium.devtools.CdpVersionFinder findNearestMatch
INFO: Found CDP implementation for version 105 of 104
]]></system-err>
  </testcase>
  <testcase name="verifyContinueBtnTest[Vivek, Sharma, 127021.0](1)" classname="com.hybrid.testcases.CheckoutPageTC" time="2.831">
    <system-out><![CDATA[Before navigating to: 'https://www.saucedemo.com/'
Navigated to:'https://www.saucedemo.com/'
Trying to find Element By : By.name: user-name
Found Element By : By.name: user-name
Trying to find Element By : By.name: password
Found Element By : By.name: password
Trying to find Element By : By.name: login-button
Found Element By : By.name: login-button
Trying to click on: [[ChromeDriver: chrome on WINDOWS (9a7aa069e3ee814f8a9fc765e9fff6c5)] -> name: login-button]
Clicked on: [[ChromeDriver: chrome on WINDOWS (9a7aa069e3ee814f8a9fc765e9fff6c5)] -> name: login-button]
Trying to find Element By : By.xpath: //button[@name='add-to-cart-sauce-labs-backpack']
Found Element By : By.xpath: //button[@name='add-to-cart-sauce-labs-backpack']
Trying to click on: [[ChromeDriver: chrome on WINDOWS (9a7aa069e3ee814f8a9fc765e9fff6c5)] -> xpath: //button[@name='add-to-cart-sauce-labs-backpack']]
Clicked on: [[ChromeDriver: chrome on WINDOWS (9a7aa069e3ee814f8a9fc765e9fff6c5)] -> xpath: //button[@name='add-to-cart-sauce-labs-backpack']]
Trying to find Element By : By.xpath: //a[@class='shopping_cart_link']
Found Element By : By.xpath: //a[@class='shopping_cart_link']
Trying to click on: [[ChromeDriver: chrome on WINDOWS (9a7aa069e3ee814f8a9fc765e9fff6c5)] -> xpath: //a[@class='shopping_cart_link']]
Clicked on: [[ChromeDriver: chrome on WINDOWS (9a7aa069e3ee814f8a9fc765e9fff6c5)] -> xpath: //a[@class='shopping_cart_link']]
Trying to find Element By : By.xpath: //button[@name='checkout']
Found Element By : By.xpath: //button[@name='checkout']
Trying to click on: [[ChromeDriver: chrome on WINDOWS (9a7aa069e3ee814f8a9fc765e9fff6c5)] -> xpath: //button[@name='checkout']]
Clicked on: [[ChromeDriver: chrome on WINDOWS (9a7aa069e3ee814f8a9fc765e9fff6c5)] -> xpath: //button[@name='checkout']]
Trying to find Element By : By.xpath: //input[@name='firstName']
Found Element By : By.xpath: //input[@name='firstName']
Trying to find Element By : By.xpath: //input[@name='lastName']
Found Element By : By.xpath: //input[@name='lastName']
Trying to find Element By : By.xpath: //input[@name='postalCode']
Found Element By : By.xpath: //input[@name='postalCode']
Trying to find Element By : By.xpath: //input[@name='continue']
Found Element By : By.xpath: //input[@name='continue']
Trying to click on: [[ChromeDriver: chrome on WINDOWS (9a7aa069e3ee814f8a9fc765e9fff6c5)] -> xpath: //input[@name='continue']]
Clicked on: [[ChromeDriver: chrome on WINDOWS (9a7aa069e3ee814f8a9fc765e9fff6c5)] -> xpath: //input[@name='continue']]
]]></system-out>
    <system-err><![CDATA[Starting ChromeDriver 105.0.5195.52 (412c95e518836d8a7d97250d62b29c2ae6a26a85-refs/branch-heads/5195@{#853}) on port 51745
Only local connections are allowed.
Please see https://chromedriver.chromium.org/security-considerations for suggestions on keeping ChromeDriver safe.
ChromeDriver was started successfully.
Sep 14, 2022 11:51:26 AM org.openqa.selenium.remote.ProtocolHandshake createSession
INFO: Detected upstream dialect: W3C
Sep 14, 2022 11:51:26 AM org.openqa.selenium.devtools.CdpVersionFinder findNearestMatch
WARNING: Unable to find an exact match for CDP version 105, so returning the closest version found: 104
Sep 14, 2022 11:51:26 AM org.openqa.selenium.devtools.CdpVersionFinder findNearestMatch
INFO: Found CDP implementation for version 105 of 104
]]></system-err>
  </testcase>
  <testcase name="verifyFinishBtnTest[Vivek, Sharma, 127021.0](1)" classname="com.hybrid.testcases.CheckoutOverviewPageTC" time="2.263">
    <system-out><![CDATA[Before navigating to: 'https://www.saucedemo.com/'
Navigated to:'https://www.saucedemo.com/'
Trying to find Element By : By.name: user-name
Found Element By : By.name: user-name
Trying to find Element By : By.name: password
Found Element By : By.name: password
Trying to find Element By : By.name: login-button
Found Element By : By.name: login-button
Trying to click on: [[ChromeDriver: chrome on WINDOWS (2e543d6e5640bf5dda72c050b923e6a9)] -> name: login-button]
Clicked on: [[ChromeDriver: chrome on WINDOWS (2e543d6e5640bf5dda72c050b923e6a9)] -> name: login-button]
Trying to find Element By : By.xpath: //button[@name='add-to-cart-sauce-labs-backpack']
Found Element By : By.xpath: //button[@name='add-to-cart-sauce-labs-backpack']
Trying to click on: [[ChromeDriver: chrome on WINDOWS (2e543d6e5640bf5dda72c050b923e6a9)] -> xpath: //button[@name='add-to-cart-sauce-labs-backpack']]
Clicked on: [[ChromeDriver: chrome on WINDOWS (2e543d6e5640bf5dda72c050b923e6a9)] -> xpath: //button[@name='add-to-cart-sauce-labs-backpack']]
Trying to find Element By : By.xpath: //a[@class='shopping_cart_link']
Found Element By : By.xpath: //a[@class='shopping_cart_link']
Trying to click on: [[ChromeDriver: chrome on WINDOWS (2e543d6e5640bf5dda72c050b923e6a9)] -> xpath: //a[@class='shopping_cart_link']]
Clicked on: [[ChromeDriver: chrome on WINDOWS (2e543d6e5640bf5dda72c050b923e6a9)] -> xpath: //a[@class='shopping_cart_link']]
Trying to find Element By : By.xpath: //button[@name='checkout']
Found Element By : By.xpath: //button[@name='checkout']
Trying to click on: [[ChromeDriver: chrome on WINDOWS (2e543d6e5640bf5dda72c050b923e6a9)] -> xpath: //button[@name='checkout']]
Clicked on: [[ChromeDriver: chrome on WINDOWS (2e543d6e5640bf5dda72c050b923e6a9)] -> xpath: //button[@name='checkout']]
Trying to find Element By : By.xpath: //input[@name='firstName']
Found Element By : By.xpath: //input[@name='firstName']
Trying to find Element By : By.xpath: //input[@name='lastName']
Found Element By : By.xpath: //input[@name='lastName']
Trying to find Element By : By.xpath: //input[@name='postalCode']
Found Element By : By.xpath: //input[@name='postalCode']
Trying to find Element By : By.xpath: //input[@name='continue']
Found Element By : By.xpath: //input[@name='continue']
Trying to click on: [[ChromeDriver: chrome on WINDOWS (2e543d6e5640bf5dda72c050b923e6a9)] -> xpath: //input[@name='continue']]
Clicked on: [[ChromeDriver: chrome on WINDOWS (2e543d6e5640bf5dda72c050b923e6a9)] -> xpath: //input[@name='continue']]
Trying to find Element By : By.xpath: //button[@name='finish']
Found Element By : By.xpath: //button[@name='finish']
Trying to click on: [[ChromeDriver: chrome on WINDOWS (2e543d6e5640bf5dda72c050b923e6a9)] -> xpath: //button[@name='finish']]
Clicked on: [[ChromeDriver: chrome on WINDOWS (2e543d6e5640bf5dda72c050b923e6a9)] -> xpath: //button[@name='finish']]
]]></system-out>
    <system-err><![CDATA[Starting ChromeDriver 105.0.5195.52 (412c95e518836d8a7d97250d62b29c2ae6a26a85-refs/branch-heads/5195@{#853}) on port 59447
Only local connections are allowed.
Please see https://chromedriver.chromium.org/security-considerations for suggestions on keeping ChromeDriver safe.
ChromeDriver was started successfully.
Sep 14, 2022 11:51:34 AM org.openqa.selenium.remote.ProtocolHandshake createSession
INFO: Detected upstream dialect: W3C
Sep 14, 2022 11:51:34 AM org.openqa.selenium.devtools.CdpVersionFinder findNearestMatch
WARNING: Unable to find an exact match for CDP version 105, so returning the closest version found: 104
Sep 14, 2022 11:51:34 AM org.openqa.selenium.devtools.CdpVersionFinder findNearestMatch
INFO: Found CDP implementation for version 105 of 104
]]></system-err>
  </testcase>
  <testcase name="verifyImageTest[Vivek, Sharma, 127021.0](1)" classname="com.hybrid.testcases.CheckoutCompletePageTC" time="22.623">
    <failure message="no such element: Unable to locate element: {&quot;method&quot;:&quot;xpath&quot;,&quot;selector&quot;:&quot;//img[@class=&apos;pony_express123&apos;]&quot;}&#10;  (Session info: chrome=105.0.5195.102)&#10;For documentation on this error, please visit: https://selenium.dev/exceptions/#no_such_element&#10;Build info: version: &apos;4.4.0&apos;, revision: &apos;e5c75ed026a&apos;&#10;System info: host: &apos;DESKTOP-LKHC9K7&apos;, ip: &apos;192.168.101.14&apos;, os.name: &apos;Windows 10&apos;, os.arch: &apos;amd64&apos;, os.version: &apos;10.0&apos;, java.version: &apos;11.0.16.1&apos;&#10;Driver info: org.openqa.selenium.chrome.ChromeDriver&#10;Command: [a8acdab49475253e34c695be70f70874, findElement {using=xpath, value=//img[@class=&apos;pony_express123&apos;]}]&#10;Capabilities {acceptInsecureCerts: false, browserName: chrome, browserVersion: 105.0.5195.102, chrome: {chromedriverVersion: 105.0.5195.52 (412c95e51883..., userDataDir: C:\WINDOWS\TEMP\scoped_dir9...}, goog:chromeOptions: {debuggerAddress: localhost:53067}, networkConnectionEnabled: false, pageLoadStrategy: normal, platformName: WINDOWS, proxy: Proxy(), se:cdp: ws://localhost:53067/devtoo..., se:cdpVersion: 105.0.5195.102, setWindowRect: true, strictFileInteractability: false, timeouts: {implicit: 0, pageLoad: 300000, script: 30000}, unhandledPromptBehavior: dismiss and notify, webauthn:extension:credBlob: true, webauthn:extension:largeBlob: true, webauthn:virtualAuthenticators: true}&#10;Session ID: a8acdab49475253e34c695be70f70874" type="org.openqa.selenium.NoSuchElementException"><![CDATA[org.openqa.selenium.NoSuchElementException: 
no such element: Unable to locate element: {"method":"xpath","selector":"//img[@class='pony_express123']"}
  (Session info: chrome=105.0.5195.102)
For documentation on this error, please visit: https://selenium.dev/exceptions/#no_such_element
Build info: version: '4.4.0', revision: 'e5c75ed026a'
System info: host: 'DESKTOP-LKHC9K7', ip: '192.168.101.14', os.name: 'Windows 10', os.arch: 'amd64', os.version: '10.0', java.version: '11.0.16.1'
Driver info: org.openqa.selenium.chrome.ChromeDriver
Command: [a8acdab49475253e34c695be70f70874, findElement {using=xpath, value=//img[@class='pony_express123']}]
Capabilities {acceptInsecureCerts: false, browserName: chrome, browserVersion: 105.0.5195.102, chrome: {chromedriverVersion: 105.0.5195.52 (412c95e51883..., userDataDir: C:\WINDOWS\TEMP\scoped_dir9...}, goog:chromeOptions: {debuggerAddress: localhost:53067}, networkConnectionEnabled: false, pageLoadStrategy: normal, platformName: WINDOWS, proxy: Proxy(), se:cdp: ws://localhost:53067/devtoo..., se:cdpVersion: 105.0.5195.102, setWindowRect: true, strictFileInteractability: false, timeouts: {implicit: 0, pageLoad: 300000, script: 30000}, unhandledPromptBehavior: dismiss and notify, webauthn:extension:credBlob: true, webauthn:extension:largeBlob: true, webauthn:virtualAuthenticators: true}
Session ID: a8acdab49475253e34c695be70f70874
	at java.base/jdk.internal.reflect.NativeConstructorAccessorImpl.newInstance0(Native Method)
	at java.base/jdk.internal.reflect.NativeConstructorAccessorImpl.newInstance(NativeConstructorAccessorImpl.java:62)
	at java.base/jdk.internal.reflect.DelegatingConstructorAccessorImpl.newInstance(DelegatingConstructorAccessorImpl.java:45)
	at java.base/java.lang.reflect.Constructor.newInstance(Constructor.java:490)
	at org.openqa.selenium.remote.codec.w3c.W3CHttpResponseCodec.createException(W3CHttpResponseCodec.java:200)
	at org.openqa.selenium.remote.codec.w3c.W3CHttpResponseCodec.decode(W3CHttpResponseCodec.java:133)
	at org.openqa.selenium.remote.codec.w3c.W3CHttpResponseCodec.decode(W3CHttpResponseCodec.java:53)
	at org.openqa.selenium.remote.HttpCommandExecutor.execute(HttpCommandExecutor.java:184)
	at org.openqa.selenium.remote.service.DriverCommandExecutor.invokeExecute(DriverCommandExecutor.java:167)
	at org.openqa.selenium.remote.service.DriverCommandExecutor.execute(DriverCommandExecutor.java:142)
	at org.openqa.selenium.remote.RemoteWebDriver.execute(RemoteWebDriver.java:547)
	at org.openqa.selenium.remote.ElementLocation$ElementFinder$2.findElement(ElementLocation.java:162)
	at org.openqa.selenium.remote.ElementLocation.findElement(ElementLocation.java:60)
	at org.openqa.selenium.remote.RemoteWebDriver.findElement(RemoteWebDriver.java:365)
	at org.openqa.selenium.remote.RemoteWebDriver.findElement(RemoteWebDriver.java:357)
	at jdk.internal.reflect.GeneratedMethodAccessor4.invoke(Unknown Source)
	at java.base/jdk.internal.reflect.DelegatingMethodAccessorImpl.invoke(DelegatingMethodAccessorImpl.java:43)
	at java.base/java.lang.reflect.Method.invoke(Method.java:566)
	at org.openqa.selenium.support.events.EventFiringWebDriver.lambda$new$1(EventFiringWebDriver.java:105)
	at com.sun.proxy.$Proxy12.findElement(Unknown Source)
	at org.openqa.selenium.support.events.EventFiringWebDriver.findElement(EventFiringWebDriver.java:194)
	at org.openqa.selenium.support.pagefactory.DefaultElementLocator.findElement(DefaultElementLocator.java:70)
	at org.openqa.selenium.support.pagefactory.internal.LocatingElementHandler.invoke(LocatingElementHandler.java:39)
	at com.sun.proxy.$Proxy16.isDisplayed(Unknown Source)
	at com.hybrid.pages.CheckoutCompletePage.validatePonyExpressImage(CheckoutCompletePage.java:20)
	at com.hybrid.testcases.CheckoutCompletePageTC.verifyImageTest(CheckoutCompletePageTC.java:63)
	at java.base/jdk.internal.reflect.NativeMethodAccessorImpl.invoke0(Native Method)
	at java.base/jdk.internal.reflect.NativeMethodAccessorImpl.invoke(NativeMethodAccessorImpl.java:62)
	at java.base/jdk.internal.reflect.DelegatingMethodAccessorImpl.invoke(DelegatingMethodAccessorImpl.java:43)
	at java.base/java.lang.reflect.Method.invoke(Method.java:566)
	at org.testng.internal.MethodInvocationHelper.invokeMethod(MethodInvocationHelper.java:124)
	at org.testng.internal.Invoker.invokeMethod(Invoker.java:583)
	at org.testng.internal.Invoker.invokeTestMethod(Invoker.java:719)
	at org.testng.internal.Invoker.invokeTestMethods(Invoker.java:989)
	at org.testng.internal.TestMethodWorker.invokeTestMethods(TestMethodWorker.java:125)
	at org.testng.internal.TestMethodWorker.run(TestMethodWorker.java:109)
	at org.testng.TestRunner.privateRun(TestRunner.java:648)
	at org.testng.TestRunner.run(TestRunner.java:505)
	at org.testng.SuiteRunner.runTest(SuiteRunner.java:455)
	at org.testng.SuiteRunner.runSequentially(SuiteRunner.java:450)
	at org.testng.SuiteRunner.privateRun(SuiteRunner.java:415)
	at org.testng.SuiteRunner.run(SuiteRunner.java:364)
	at org.testng.SuiteRunnerWorker.runSuite(SuiteRunnerWorker.java:52)
	at org.testng.SuiteRunnerWorker.run(SuiteRunnerWorker.java:84)
	at org.testng.TestNG.runSuitesSequentially(TestNG.java:1208)
	at org.testng.TestNG.runSuitesLocally(TestNG.java:1137)
	at org.testng.TestNG.runSuites(TestNG.java:1049)
	at org.testng.TestNG.run(TestNG.java:1017)
	at org.apache.maven.surefire.testng.TestNGExecutor.run(TestNGExecutor.java:324)
	at org.apache.maven.surefire.testng.TestNGXmlTestSuite.execute(TestNGXmlTestSuite.java:74)
	at org.apache.maven.surefire.testng.TestNGProvider.invoke(TestNGProvider.java:123)
	at org.apache.maven.surefire.booter.ForkedBooter.runSuitesInProcess(ForkedBooter.java:456)
	at org.apache.maven.surefire.booter.ForkedBooter.execute(ForkedBooter.java:169)
	at org.apache.maven.surefire.booter.ForkedBooter.run(ForkedBooter.java:595)
	at org.apache.maven.surefire.booter.ForkedBooter.main(ForkedBooter.java:581)
]]></failure>
    <system-out><![CDATA[Before navigating to: 'https://www.saucedemo.com/'
Navigated to:'https://www.saucedemo.com/'
Trying to find Element By : By.name: user-name
Found Element By : By.name: user-name
Trying to find Element By : By.name: password
Found Element By : By.name: password
Trying to find Element By : By.name: login-button
Found Element By : By.name: login-button
Trying to click on: [[ChromeDriver: chrome on WINDOWS (a8acdab49475253e34c695be70f70874)] -> name: login-button]
Clicked on: [[ChromeDriver: chrome on WINDOWS (a8acdab49475253e34c695be70f70874)] -> name: login-button]
Trying to find Element By : By.xpath: //button[@name='add-to-cart-sauce-labs-backpack']
Found Element By : By.xpath: //button[@name='add-to-cart-sauce-labs-backpack']
Trying to click on: [[ChromeDriver: chrome on WINDOWS (a8acdab49475253e34c695be70f70874)] -> xpath: //button[@name='add-to-cart-sauce-labs-backpack']]
Clicked on: [[ChromeDriver: chrome on WINDOWS (a8acdab49475253e34c695be70f70874)] -> xpath: //button[@name='add-to-cart-sauce-labs-backpack']]
Trying to find Element By : By.xpath: //a[@class='shopping_cart_link']
Found Element By : By.xpath: //a[@class='shopping_cart_link']
Trying to click on: [[ChromeDriver: chrome on WINDOWS (a8acdab49475253e34c695be70f70874)] -> xpath: //a[@class='shopping_cart_link']]
Clicked on: [[ChromeDriver: chrome on WINDOWS (a8acdab49475253e34c695be70f70874)] -> xpath: //a[@class='shopping_cart_link']]
Trying to find Element By : By.xpath: //button[@name='checkout']
Found Element By : By.xpath: //button[@name='checkout']
Trying to click on: [[ChromeDriver: chrome on WINDOWS (a8acdab49475253e34c695be70f70874)] -> xpath: //button[@name='checkout']]
Clicked on: [[ChromeDriver: chrome on WINDOWS (a8acdab49475253e34c695be70f70874)] -> xpath: //button[@name='checkout']]
Trying to find Element By : By.xpath: //input[@name='firstName']
Found Element By : By.xpath: //input[@name='firstName']
Trying to find Element By : By.xpath: //input[@name='lastName']
Found Element By : By.xpath: //input[@name='lastName']
Trying to find Element By : By.xpath: //input[@name='postalCode']
Found Element By : By.xpath: //input[@name='postalCode']
Trying to find Element By : By.xpath: //input[@name='continue']
Found Element By : By.xpath: //input[@name='continue']
Trying to click on: [[ChromeDriver: chrome on WINDOWS (a8acdab49475253e34c695be70f70874)] -> xpath: //input[@name='continue']]
Clicked on: [[ChromeDriver: chrome on WINDOWS (a8acdab49475253e34c695be70f70874)] -> xpath: //input[@name='continue']]
Trying to find Element By : By.xpath: //button[@name='finish']
Found Element By : By.xpath: //button[@name='finish']
Trying to click on: [[ChromeDriver: chrome on WINDOWS (a8acdab49475253e34c695be70f70874)] -> xpath: //button[@name='finish']]
Clicked on: [[ChromeDriver: chrome on WINDOWS (a8acdab49475253e34c695be70f70874)] -> xpath: //button[@name='finish']]
Trying to find Element By : By.xpath: //img[@class='pony_express123']
Exception occured: org.openqa.selenium.NoSuchElementException: no such element: Unable to locate element: {"method":"xpath","selector":"//img[@class='pony_express123']"}
  (Session info: chrome=105.0.5195.102)
For documentation on this error, please visit: https://selenium.dev/exceptions/#no_such_element
Build info: version: '4.4.0', revision: 'e5c75ed026a'
System info: host: 'DESKTOP-LKHC9K7', ip: '192.168.101.14', os.name: 'Windows 10', os.arch: 'amd64', os.version: '10.0', java.version: '11.0.16.1'
Driver info: org.openqa.selenium.chrome.ChromeDriver
Command: [a8acdab49475253e34c695be70f70874, findElement {using=xpath, value=//img[@class='pony_express123']}]
Capabilities {acceptInsecureCerts: false, browserName: chrome, browserVersion: 105.0.5195.102, chrome: {chromedriverVersion: 105.0.5195.52 (412c95e51883..., userDataDir: C:\WINDOWS\TEMP\scoped_dir9...}, goog:chromeOptions: {debuggerAddress: localhost:53067}, networkConnectionEnabled: false, pageLoadStrategy: normal, platformName: WINDOWS, proxy: Proxy(), se:cdp: ws://localhost:53067/devtoo..., se:cdpVersion: 105.0.5195.102, setWindowRect: true, strictFileInteractability: false, timeouts: {implicit: 0, pageLoad: 300000, script: 30000}, unhandledPromptBehavior: dismiss and notify, webauthn:extension:credBlob: true, webauthn:extension:largeBlob: true, webauthn:virtualAuthenticators: true}
Session ID: a8acdab49475253e34c695be70f70874
]]></system-out>
    <system-err><![CDATA[Starting ChromeDriver 105.0.5195.52 (412c95e518836d8a7d97250d62b29c2ae6a26a85-refs/branch-heads/5195@{#853}) on port 61062
Only local connections are allowed.
Please see https://chromedriver.chromium.org/security-considerations for suggestions on keeping ChromeDriver safe.
ChromeDriver was started successfully.
Sep 14, 2022 11:51:41 AM org.openqa.selenium.remote.ProtocolHandshake createSession
INFO: Detected upstream dialect: W3C
Sep 14, 2022 11:51:41 AM org.openqa.selenium.devtools.CdpVersionFinder findNearestMatch
WARNING: Unable to find an exact match for CDP version 105, so returning the closest version found: 104
Sep 14, 2022 11:51:41 AM org.openqa.selenium.devtools.CdpVersionFinder findNearestMatch
INFO: Found CDP implementation for version 105 of 104
]]></system-err>
  </testcase>
</testsuite>