<?xml version="1.0" encoding="UTF-8"?>
<testng-results skipped="0" failed="1" ignored="0" total="13" passed="12">
  <reporter-output>
  </reporter-output>
  <suite name="Swag Labs automation Test Suite" duration-ms="104005" started-at="2022-09-13T12:16:32Z" finished-at="2022-09-13T12:18:16Z">
    <groups>
    </groups>
    <test name="Swag Labs Test Cases" duration-ms="104005" started-at="2022-09-13T12:16:32Z" finished-at="2022-09-13T12:18:16Z">
      <class name="com.hybrid.testcases.ProductsPageTC">
        <test-method status="PASS" signature="setUp()[pri:0, instance:com.hybrid.testcases.ProductsPageTC@78c03f1f]" name="setUp" is-config="true" duration-ms="4831" started-at="2022-09-13T17:46:45Z" finished-at="2022-09-13T17:46:50Z">
          <reporter-output>
          </reporter-output>
        </test-method> <!-- setUp -->
        <test-method status="PASS" signature="validateBackpackNameTest()[pri:0, instance:com.hybrid.testcases.ProductsPageTC@78c03f1f]" name="validateBackpackNameTest" duration-ms="86" started-at="2022-09-13T17:46:50Z" finished-at="2022-09-13T17:46:50Z">
          <reporter-output>
          </reporter-output>
        </test-method> <!-- validateBackpackNameTest -->
        <test-method status="PASS" signature="tearDown()[pri:0, instance:com.hybrid.testcases.ProductsPageTC@78c03f1f]" name="tearDown" is-config="true" duration-ms="864" started-at="2022-09-13T17:46:50Z" finished-at="2022-09-13T17:46:51Z">
          <reporter-output>
          </reporter-output>
        </test-method> <!-- tearDown -->
        <test-method status="PASS" signature="setUp()[pri:0, instance:com.hybrid.testcases.ProductsPageTC@78c03f1f]" name="setUp" is-config="true" duration-ms="4459" started-at="2022-09-13T17:46:51Z" finished-at="2022-09-13T17:46:55Z">
          <reporter-output>
          </reporter-output>
        </test-method> <!-- setUp -->
        <test-method status="PASS" signature="verifyAddToCartBtnTest()[pri:0, instance:com.hybrid.testcases.ProductsPageTC@78c03f1f]" name="verifyAddToCartBtnTest" duration-ms="114" started-at="2022-09-13T17:46:55Z" finished-at="2022-09-13T17:46:55Z">
          <reporter-output>
          </reporter-output>
        </test-method> <!-- verifyAddToCartBtnTest -->
        <test-method status="PASS" signature="tearDown()[pri:0, instance:com.hybrid.testcases.ProductsPageTC@78c03f1f]" name="tearDown" is-config="true" duration-ms="792" started-at="2022-09-13T17:46:55Z" finished-at="2022-09-13T17:46:56Z">
          <reporter-output>
          </reporter-output>
        </test-method> <!-- tearDown -->
        <test-method status="PASS" signature="setUp()[pri:0, instance:com.hybrid.testcases.ProductsPageTC@78c03f1f]" name="setUp" is-config="true" duration-ms="4507" started-at="2022-09-13T17:46:56Z" finished-at="2022-09-13T17:47:01Z">
          <reporter-output>
          </reporter-output>
        </test-method> <!-- setUp -->
        <test-method status="PASS" signature="verifyBackpackNameTest()[pri:0, instance:com.hybrid.testcases.ProductsPageTC@78c03f1f]" name="verifyBackpackNameTest" duration-ms="358" started-at="2022-09-13T17:47:01Z" finished-at="2022-09-13T17:47:01Z">
          <reporter-output>
          </reporter-output>
        </test-method> <!-- verifyBackpackNameTest -->
        <test-method status="PASS" signature="tearDown()[pri:0, instance:com.hybrid.testcases.ProductsPageTC@78c03f1f]" name="tearDown" is-config="true" duration-ms="818" started-at="2022-09-13T17:47:01Z" finished-at="2022-09-13T17:47:02Z">
          <reporter-output>
          </reporter-output>
        </test-method> <!-- tearDown -->
        <test-method status="PASS" signature="setUp()[pri:0, instance:com.hybrid.testcases.ProductsPageTC@78c03f1f]" name="setUp" is-config="true" duration-ms="4638" started-at="2022-09-13T17:47:02Z" finished-at="2022-09-13T17:47:06Z">
          <reporter-output>
          </reporter-output>
        </test-method> <!-- setUp -->
        <test-method status="PASS" signature="verifyCartBtnTest()[pri:0, instance:com.hybrid.testcases.ProductsPageTC@78c03f1f]" name="verifyCartBtnTest" duration-ms="141" started-at="2022-09-13T17:47:06Z" finished-at="2022-09-13T17:47:07Z">
          <reporter-output>
          </reporter-output>
        </test-method> <!-- verifyCartBtnTest -->
        <test-method status="PASS" signature="tearDown()[pri:0, instance:com.hybrid.testcases.ProductsPageTC@78c03f1f]" name="tearDown" is-config="true" duration-ms="808" started-at="2022-09-13T17:47:07Z" finished-at="2022-09-13T17:47:07Z">
          <reporter-output>
          </reporter-output>
        </test-method> <!-- tearDown -->
        <test-method status="PASS" signature="setUp()[pri:0, instance:com.hybrid.testcases.ProductsPageTC@78c03f1f]" name="setUp" is-config="true" duration-ms="5286" started-at="2022-09-13T17:47:07Z" finished-at="2022-09-13T17:47:13Z">
          <reporter-output>
          </reporter-output>
        </test-method> <!-- setUp -->
        <test-method status="PASS" signature="verifyProductsPageTitleTest()[pri:0, instance:com.hybrid.testcases.ProductsPageTC@78c03f1f]" name="verifyProductsPageTitleTest" duration-ms="30" started-at="2022-09-13T17:47:13Z" finished-at="2022-09-13T17:47:13Z">
          <reporter-output>
          </reporter-output>
        </test-method> <!-- verifyProductsPageTitleTest -->
        <test-method status="PASS" signature="tearDown()[pri:0, instance:com.hybrid.testcases.ProductsPageTC@78c03f1f]" name="tearDown" is-config="true" duration-ms="785" started-at="2022-09-13T17:47:13Z" finished-at="2022-09-13T17:47:14Z">
          <reporter-output>
          </reporter-output>
        </test-method> <!-- tearDown -->
      </class> <!-- com.hybrid.testcases.ProductsPageTC -->
      <class name="com.hybrid.testcases.CheckoutOverviewPageTC">
        <test-method status="PASS" signature="setUp()[pri:0, instance:com.hybrid.testcases.CheckoutOverviewPageTC@5383967b]" name="setUp" is-config="true" duration-ms="4521" started-at="2022-09-13T17:47:40Z" finished-at="2022-09-13T17:47:45Z">
          <reporter-output>
          </reporter-output>
        </test-method> <!-- setUp -->
        <test-method status="PASS" signature="verifyFinishBtnTest(java.lang.String, java.lang.String, java.lang.String)[pri:0, instance:com.hybrid.testcases.CheckoutOverviewPageTC@5383967b]" name="verifyFinishBtnTest" duration-ms="1488" started-at="2022-09-13T17:47:45Z" data-provider="getSwagTestData" finished-at="2022-09-13T17:47:46Z">
          <params>
            <param index="0">
              <value>
                <![CDATA[Vivek]]>
              </value>
            </param>
            <param index="1">
              <value>
                <![CDATA[Sharma]]>
              </value>
            </param>
            <param index="2">
              <value>
                <![CDATA[127021.0]]>
              </value>
            </param>
          </params>
          <reporter-output>
          </reporter-output>
        </test-method> <!-- verifyFinishBtnTest -->
        <test-method status="PASS" signature="tearDown()[pri:0, instance:com.hybrid.testcases.CheckoutOverviewPageTC@5383967b]" name="tearDown" is-config="true" duration-ms="794" started-at="2022-09-13T17:47:46Z" finished-at="2022-09-13T17:47:47Z">
          <reporter-output>
          </reporter-output>
        </test-method> <!-- tearDown -->
      </class> <!-- com.hybrid.testcases.CheckoutOverviewPageTC -->
      <class name="com.hybrid.testcases.YourCartPageTC">
        <test-method status="PASS" signature="setUp()[pri:0, instance:com.hybrid.testcases.YourCartPageTC@5ec0a365]" name="setUp" is-config="true" duration-ms="4595" started-at="2022-09-13T17:47:14Z" finished-at="2022-09-13T17:47:18Z">
          <reporter-output>
          </reporter-output>
        </test-method> <!-- setUp -->
        <test-method status="PASS" signature="verifyCheckoutBtnTest()[pri:0, instance:com.hybrid.testcases.YourCartPageTC@5ec0a365]" name="verifyCheckoutBtnTest" duration-ms="1458" started-at="2022-09-13T17:47:18Z" finished-at="2022-09-13T17:47:20Z">
          <reporter-output>
          </reporter-output>
        </test-method> <!-- verifyCheckoutBtnTest -->
        <test-method status="PASS" signature="tearDown()[pri:0, instance:com.hybrid.testcases.YourCartPageTC@5ec0a365]" name="tearDown" is-config="true" duration-ms="826" started-at="2022-09-13T17:47:20Z" finished-at="2022-09-13T17:47:20Z">
          <reporter-output>
          </reporter-output>
        </test-method> <!-- tearDown -->
        <test-method status="PASS" signature="setUp()[pri:0, instance:com.hybrid.testcases.YourCartPageTC@5ec0a365]" name="setUp" is-config="true" duration-ms="5638" started-at="2022-09-13T17:47:20Z" finished-at="2022-09-13T17:47:26Z">
          <reporter-output>
          </reporter-output>
        </test-method> <!-- setUp -->
        <test-method status="PASS" signature="verifyYourCartPageTitleTest()[pri:0, instance:com.hybrid.testcases.YourCartPageTC@5ec0a365]" name="verifyYourCartPageTitleTest" duration-ms="15" started-at="2022-09-13T17:47:26Z" finished-at="2022-09-13T17:47:26Z">
          <reporter-output>
          </reporter-output>
        </test-method> <!-- verifyYourCartPageTitleTest -->
        <test-method status="PASS" signature="tearDown()[pri:0, instance:com.hybrid.testcases.YourCartPageTC@5ec0a365]" name="tearDown" is-config="true" duration-ms="794" started-at="2022-09-13T17:47:26Z" finished-at="2022-09-13T17:47:27Z">
          <reporter-output>
          </reporter-output>
        </test-method> <!-- tearDown -->
      </class> <!-- com.hybrid.testcases.YourCartPageTC -->
      <class name="com.hybrid.testcases.CheckoutCompletePageTC">
        <test-method status="PASS" signature="setUp()[pri:0, instance:com.hybrid.testcases.CheckoutCompletePageTC@2ac273d3]" name="setUp" is-config="true" duration-ms="5469" started-at="2022-09-13T17:47:47Z" finished-at="2022-09-13T17:47:52Z">
          <reporter-output>
          </reporter-output>
        </test-method> <!-- setUp -->
        <test-method status="FAIL" signature="verifyImageTest(java.lang.String, java.lang.String, java.lang.String)[pri:0, instance:com.hybrid.testcases.CheckoutCompletePageTC@2ac273d3]" name="verifyImageTest" duration-ms="22069" started-at="2022-09-13T17:47:52Z" data-provider="getSwagTestData" finished-at="2022-09-13T17:48:14Z">
          <params>
            <param index="0">
              <value>
                <![CDATA[Vivek]]>
              </value>
            </param>
            <param index="1">
              <value>
                <![CDATA[Sharma]]>
              </value>
            </param>
            <param index="2">
              <value>
                <![CDATA[127021.0]]>
              </value>
            </param>
          </params>
          <exception class="org.openqa.selenium.NoSuchElementException">
            <message>
              <![CDATA[no such element: Unable to locate element: {"method":"xpath","selector":"//img[@class='pony_express123']"}
  (Session info: chrome=105.0.5195.102)
For documentation on this error, please visit: https://selenium.dev/exceptions/#no_such_element
Build info: version: '4.4.0', revision: 'e5c75ed026a'
System info: host: 'DESKTOP-LKHC9K7', ip: '192.168.101.14', os.name: 'Windows 10', os.arch: 'amd64', os.version: '10.0', java.version: '1.8.0_121'
Driver info: org.openqa.selenium.chrome.ChromeDriver
Command: [f02e4c0bdeb4230543dd38f00342d2a0, findElement {using=xpath, value=//img[@class='pony_express123']}]
Capabilities {acceptInsecureCerts: false, browserName: chrome, browserVersion: 105.0.5195.102, chrome: {chromedriverVersion: 105.0.5195.52 (412c95e51883..., userDataDir: C:\Users\Personal\AppData\L...}, goog:chromeOptions: {debuggerAddress: localhost:54727}, networkConnectionEnabled: false, pageLoadStrategy: normal, platformName: WINDOWS, proxy: Proxy(), se:cdp: ws://localhost:54727/devtoo..., se:cdpVersion: 105.0.5195.102, setWindowRect: true, strictFileInteractability: false, timeouts: {implicit: 0, pageLoad: 300000, script: 30000}, unhandledPromptBehavior: dismiss and notify, webauthn:extension:credBlob: true, webauthn:extension:largeBlob: true, webauthn:virtualAuthenticators: true}
Session ID: f02e4c0bdeb4230543dd38f00342d2a0]]>
            </message>
            <full-stacktrace>
              <![CDATA[org.openqa.selenium.NoSuchElementException: no such element: Unable to locate element: {"method":"xpath","selector":"//img[@class='pony_express123']"}
  (Session info: chrome=105.0.5195.102)
For documentation on this error, please visit: https://selenium.dev/exceptions/#no_such_element
Build info: version: '4.4.0', revision: 'e5c75ed026a'
System info: host: 'DESKTOP-LKHC9K7', ip: '192.168.101.14', os.name: 'Windows 10', os.arch: 'amd64', os.version: '10.0', java.version: '1.8.0_121'
Driver info: org.openqa.selenium.chrome.ChromeDriver
Command: [f02e4c0bdeb4230543dd38f00342d2a0, findElement {using=xpath, value=//img[@class='pony_express123']}]
Capabilities {acceptInsecureCerts: false, browserName: chrome, browserVersion: 105.0.5195.102, chrome: {chromedriverVersion: 105.0.5195.52 (412c95e51883..., userDataDir: C:\Users\Personal\AppData\L...}, goog:chromeOptions: {debuggerAddress: localhost:54727}, networkConnectionEnabled: false, pageLoadStrategy: normal, platformName: WINDOWS, proxy: Proxy(), se:cdp: ws://localhost:54727/devtoo..., se:cdpVersion: 105.0.5195.102, setWindowRect: true, strictFileInteractability: false, timeouts: {implicit: 0, pageLoad: 300000, script: 30000}, unhandledPromptBehavior: dismiss and notify, webauthn:extension:credBlob: true, webauthn:extension:largeBlob: true, webauthn:virtualAuthenticators: true}
Session ID: f02e4c0bdeb4230543dd38f00342d2a0
	at sun.reflect.NativeConstructorAccessorImpl.newInstance0(Native Method)
	at sun.reflect.NativeConstructorAccessorImpl.newInstance(Unknown Source)
	at sun.reflect.DelegatingConstructorAccessorImpl.newInstance(Unknown Source)
	at java.lang.reflect.Constructor.newInstance(Unknown Source)
	at org.openqa.selenium.remote.codec.w3c.W3CHttpResponseCodec.createException(W3CHttpResponseCodec.java:200)
	at org.openqa.selenium.remote.codec.w3c.W3CHttpResponseCodec.decode(W3CHttpResponseCodec.java:133)
	at org.openqa.selenium.remote.codec.w3c.W3CHttpResponseCodec.decode(W3CHttpResponseCodec.java:53)
	at org.openqa.selenium.remote.HttpCommandExecutor.execute(HttpCommandExecutor.java:184)
	at org.openqa.selenium.remote.service.DriverCommandExecutor.invokeExecute(DriverCommandExecutor.java:167)
	at org.openqa.selenium.remote.service.DriverCommandExecutor.execute(DriverCommandExecutor.java:142)
	at org.openqa.selenium.remote.RemoteWebDriver.execute(RemoteWebDriver.java:547)
	at org.openqa.selenium.remote.ElementLocation$ElementFinder$2.findElement(ElementLocation.java:162)
	at org.openqa.selenium.remote.ElementLocation.findElement(ElementLocation.java:60)
	at org.openqa.selenium.remote.RemoteWebDriver.findElement(RemoteWebDriver.java:365)
	at org.openqa.selenium.remote.RemoteWebDriver.findElement(RemoteWebDriver.java:357)
	at sun.reflect.GeneratedMethodAccessor4.invoke(Unknown Source)
	at sun.reflect.DelegatingMethodAccessorImpl.invoke(Unknown Source)
	at java.lang.reflect.Method.invoke(Unknown Source)
	at org.openqa.selenium.support.events.EventFiringWebDriver.lambda$new$1(EventFiringWebDriver.java:105)
	at com.sun.proxy.$Proxy13.findElement(Unknown Source)
	at org.openqa.selenium.support.events.EventFiringWebDriver.findElement(EventFiringWebDriver.java:194)
	at org.openqa.selenium.support.pagefactory.DefaultElementLocator.findElement(DefaultElementLocator.java:70)
	at org.openqa.selenium.support.pagefactory.internal.LocatingElementHandler.invoke(LocatingElementHandler.java:39)
	at com.sun.proxy.$Proxy17.isDisplayed(Unknown Source)
	at com.hybrid.pages.CheckoutCompletePage.validatePonyExpressImage(CheckoutCompletePage.java:20)
	at com.hybrid.testcases.CheckoutCompletePageTC.verifyImageTest(CheckoutCompletePageTC.java:63)
	at sun.reflect.NativeMethodAccessorImpl.invoke0(Native Method)
	at sun.reflect.NativeMethodAccessorImpl.invoke(Unknown Source)
	at sun.reflect.DelegatingMethodAccessorImpl.invoke(Unknown Source)
	at java.lang.reflect.Method.invoke(Unknown Source)
	at org.testng.internal.MethodInvocationHelper.invokeMethod(MethodInvocationHelper.java:108)
	at org.testng.internal.Invoker.invokeMethod(Invoker.java:661)
	at org.testng.internal.Invoker.invokeTestMethod(Invoker.java:869)
	at org.testng.internal.Invoker.invokeTestMethods(Invoker.java:1193)
	at org.testng.internal.TestMethodWorker.invokeTestMethods(TestMethodWorker.java:126)
	at org.testng.internal.TestMethodWorker.run(TestMethodWorker.java:109)
	at org.testng.TestRunner.privateRun(TestRunner.java:744)
	at org.testng.TestRunner.run(TestRunner.java:602)
	at org.testng.SuiteRunner.runTest(SuiteRunner.java:380)
	at org.testng.SuiteRunner.runSequentially(SuiteRunner.java:375)
	at org.testng.SuiteRunner.privateRun(SuiteRunner.java:340)
	at org.testng.SuiteRunner.run(SuiteRunner.java:289)
	at org.testng.SuiteRunnerWorker.runSuite(SuiteRunnerWorker.java:52)
	at org.testng.SuiteRunnerWorker.run(SuiteRunnerWorker.java:86)
	at org.testng.TestNG.runSuitesSequentially(TestNG.java:1301)
	at org.testng.TestNG.runSuitesLocally(TestNG.java:1226)
	at org.testng.TestNG.runSuites(TestNG.java:1144)
	at org.testng.TestNG.run(TestNG.java:1115)
	at org.testng.remote.AbstractRemoteTestNG.run(AbstractRemoteTestNG.java:132)
	at org.testng.remote.RemoteTestNG.initAndRun(RemoteTestNG.java:230)
	at org.testng.remote.RemoteTestNG.main(RemoteTestNG.java:76)
]]>
            </full-stacktrace>
          </exception> <!-- org.openqa.selenium.NoSuchElementException -->
          <reporter-output>
          </reporter-output>
        </test-method> <!-- verifyImageTest -->
        <test-method status="PASS" signature="tearDown()[pri:0, instance:com.hybrid.testcases.CheckoutCompletePageTC@2ac273d3]" name="tearDown" is-config="true" duration-ms="1263" started-at="2022-09-13T17:48:14Z" finished-at="2022-09-13T17:48:16Z">
          <reporter-output>
          </reporter-output>
        </test-method> <!-- tearDown -->
      </class> <!-- com.hybrid.testcases.CheckoutCompletePageTC -->
      <class name="com.hybrid.testcases.CheckoutPageTC">
        <test-method status="PASS" signature="setUp()[pri:0, instance:com.hybrid.testcases.CheckoutPageTC@4fe3c938]" name="setUp" is-config="true" duration-ms="4545" started-at="2022-09-13T17:47:27Z" finished-at="2022-09-13T17:47:31Z">
          <reporter-output>
          </reporter-output>
        </test-method> <!-- setUp -->
        <test-method status="PASS" signature="verifyCheckoutPageTitleTest()[pri:0, instance:com.hybrid.testcases.CheckoutPageTC@4fe3c938]" name="verifyCheckoutPageTitleTest" duration-ms="48" started-at="2022-09-13T17:47:31Z" finished-at="2022-09-13T17:47:31Z">
          <reporter-output>
          </reporter-output>
        </test-method> <!-- verifyCheckoutPageTitleTest -->
        <test-method status="PASS" signature="tearDown()[pri:0, instance:com.hybrid.testcases.CheckoutPageTC@4fe3c938]" name="tearDown" is-config="true" duration-ms="839" started-at="2022-09-13T17:47:31Z" finished-at="2022-09-13T17:47:32Z">
          <reporter-output>
          </reporter-output>
        </test-method> <!-- tearDown -->
        <test-method status="PASS" signature="setUp()[pri:0, instance:com.hybrid.testcases.CheckoutPageTC@4fe3c938]" name="setUp" is-config="true" duration-ms="4496" started-at="2022-09-13T17:47:33Z" finished-at="2022-09-13T17:47:38Z">
          <reporter-output>
          </reporter-output>
        </test-method> <!-- setUp -->
        <test-method status="PASS" signature="verifyContinueBtnTest(java.lang.String, java.lang.String, java.lang.String)[pri:0, instance:com.hybrid.testcases.CheckoutPageTC@4fe3c938]" name="verifyContinueBtnTest" duration-ms="1232" started-at="2022-09-13T17:47:38Z" data-provider="getSwagTestData" finished-at="2022-09-13T17:47:39Z">
          <params>
            <param index="0">
              <value>
                <![CDATA[Vivek]]>
              </value>
            </param>
            <param index="1">
              <value>
                <![CDATA[Sharma]]>
              </value>
            </param>
            <param index="2">
              <value>
                <![CDATA[127021.0]]>
              </value>
            </param>
          </params>
          <reporter-output>
          </reporter-output>
        </test-method> <!-- verifyContinueBtnTest -->
        <test-method status="PASS" signature="tearDown()[pri:0, instance:com.hybrid.testcases.CheckoutPageTC@4fe3c938]" name="tearDown" is-config="true" duration-ms="778" started-at="2022-09-13T17:47:39Z" finished-at="2022-09-13T17:47:40Z">
          <reporter-output>
          </reporter-output>
        </test-method> <!-- tearDown -->
      </class> <!-- com.hybrid.testcases.CheckoutPageTC -->
      <class name="com.hybrid.testcases.LoginPageTC">
        <test-method status="PASS" signature="setUp()[pri:0, instance:com.hybrid.testcases.LoginPageTC@5ce81285]" name="setUp" is-config="true" duration-ms="6956" started-at="2022-09-13T17:46:32Z" finished-at="2022-09-13T17:46:39Z">
          <reporter-output>
          </reporter-output>
        </test-method> <!-- setUp -->
        <test-method status="PASS" signature="loginTest()[pri:0, instance:com.hybrid.testcases.LoginPageTC@5ce81285]" name="loginTest" duration-ms="571" started-at="2022-09-13T17:46:39Z" finished-at="2022-09-13T17:46:39Z">
          <reporter-output>
          </reporter-output>
        </test-method> <!-- loginTest -->
        <test-method status="PASS" signature="tearDown()[pri:0, instance:com.hybrid.testcases.LoginPageTC@5ce81285]" name="tearDown" is-config="true" duration-ms="856" started-at="2022-09-13T17:46:39Z" finished-at="2022-09-13T17:46:40Z">
          <reporter-output>
          </reporter-output>
        </test-method> <!-- tearDown -->
        <test-method status="PASS" signature="setUp()[pri:0, instance:com.hybrid.testcases.LoginPageTC@5ce81285]" name="setUp" is-config="true" duration-ms="4125" started-at="2022-09-13T17:46:40Z" finished-at="2022-09-13T17:46:44Z">
          <reporter-output>
          </reporter-output>
        </test-method> <!-- setUp -->
        <test-method status="PASS" signature="verifyLoginPageTitleTest()[pri:0, instance:com.hybrid.testcases.LoginPageTC@5ce81285]" name="verifyLoginPageTitleTest" duration-ms="18" started-at="2022-09-13T17:46:44Z" finished-at="2022-09-13T17:46:44Z">
          <reporter-output>
          </reporter-output>
        </test-method> <!-- verifyLoginPageTitleTest -->
        <test-method status="PASS" signature="tearDown()[pri:0, instance:com.hybrid.testcases.LoginPageTC@5ce81285]" name="tearDown" is-config="true" duration-ms="751" started-at="2022-09-13T17:46:44Z" finished-at="2022-09-13T17:46:45Z">
          <reporter-output>
          </reporter-output>
        </test-method> <!-- tearDown -->
      </class> <!-- com.hybrid.testcases.LoginPageTC -->
    </test> <!-- Swag Labs Test Cases -->
  </suite> <!-- Swag Labs automation Test Suite -->
</testng-results>
